about to read file
read file
end2
Received value = 3.141592653589793 at time 1.0 from PI SENDER
Received value = 6.283185307179586 at time 2.0 from PI SENDER
Received value = 9.42477796076938 at time 3.0 from PI SENDER
Received value = 12.566370614359172 at time 4.0 from PI SENDER
Received value = 15.707963267948966 at time 5.0 from PI SENDER
Received value = 18.84955592153876 at time 6.0 from PI SENDER
Received value = 21.991148575128552 at time 7.0 from PI SENDER
Received value = 25.132741228718345 at time 8.0 from PI SENDER
Received value = 28.274333882308138 at time 9.0 from PI SENDER
Received value = 31.41592653589793 at time 10.0 from PI SENDER
Received value = 34.55751918948772 at time 11.0 from PI SENDER
Received value = 37.69911184307752 at time 12.0 from PI SENDER
Received value = 40.840704496667314 at time 13.0 from PI SENDER
Received value = 43.982297150257104 at time 14.0 from PI SENDER
Received value = 47.12388980384689 at time 15.0 from PI SENDER
Received value = 50.26548245743669 at time 16.0 from PI SENDER
Received value = 53.40707511102649 at time 17.0 from PI SENDER
Received value = 56.548667764616276 at time 18.0 from PI SENDER
Received value = 59.690260418206066 at time 19.0 from PI SENDER
Received value = 62.83185307179586 at time 20.0 from PI SENDER
Received value = 65.97344572538566 at time 21.0 from PI SENDER
Received value = 69.11503837897544 at time 22.0 from PI SENDER
Received value = 72.25663103256524 at time 23.0 from PI SENDER
Received value = 75.39822368615503 at time 24.0 from PI SENDER
Received value = 78.53981633974483 at time 25.0 from PI SENDER
Received value = 81.68140899333463 at time 26.0 from PI SENDER
Received value = 84.82300164692441 at time 27.0 from PI SENDER
Received value = 87.96459430051421 at time 28.0 from PI SENDER
Received value = 91.106186954104 at time 29.0 from PI SENDER
Received value = 94.24777960769379 at time 30.0 from PI SENDER
Received value = 97.38937226128358 at time 31.0 from PI SENDER
Received value = 100.53096491487338 at time 32.0 from PI SENDER
Received value = 103.67255756846318 at time 33.0 from PI SENDER
Received value = 106.81415022205297 at time 34.0 from PI SENDER
Received value = 109.95574287564276 at time 35.0 from PI SENDER
Received value = 113.09733552923255 at time 36.0 from PI SENDER
Received value = 116.23892818282235 at time 37.0 from PI SENDER
Received value = 119.38052083641213 at time 38.0 from PI SENDER
Received value = 122.52211349000193 at time 39.0 from PI SENDER
Received value = 125.66370614359172 at time 40.0 from PI SENDER
Received value = 128.8052987971815 at time 41.0 from PI SENDER
Received value = 131.94689145077132 at time 42.0 from PI SENDER
Received value = 135.0884841043611 at time 43.0 from PI SENDER
Received value = 138.23007675795088 at time 44.0 from PI SENDER
Received value = 141.3716694115407 at time 45.0 from PI SENDER
Received value = 144.51326206513048 at time 46.0 from PI SENDER
Received value = 147.6548547187203 at time 47.0 from PI SENDER
Received value = 150.79644737231007 at time 48.0 from PI SENDER
Received value = 153.93804002589985 at time 49.0 from PI SENDER
PI RECEIVER: Federate finalized
