about to read file
read file
end1
PI SENDER: Sending value pi = 3.141592653589793 at time 1.0 to PI RECEIVER
PI SENDER: Sending value pi = 6.283185307179586 at time 2.0 to PI RECEIVER
PI SENDER: Sending value pi = 9.42477796076938 at time 3.0 to PI RECEIVER
PI SENDER: Sending value pi = 12.566370614359172 at time 4.0 to PI RECEIVER
PI SENDER: Sending value pi = 15.707963267948966 at time 5.0 to PI RECEIVER
PI SENDER: Sending value pi = 18.84955592153876 at time 6.0 to PI RECEIVER
PI SENDER: Sending value pi = 21.991148575128552 at time 7.0 to PI RECEIVER
PI SENDER: Sending value pi = 25.132741228718345 at time 8.0 to PI RECEIVER
PI SENDER: Sending value pi = 28.274333882308138 at time 9.0 to PI RECEIVER
PI SENDER: Sending value pi = 31.41592653589793 at time 10.0 to PI RECEIVER
PI SENDER: Sending value pi = 34.55751918948772 at time 11.0 to PI RECEIVER
PI SENDER: Sending value pi = 37.69911184307752 at time 12.0 to PI RECEIVER
PI SENDER: Sending value pi = 40.840704496667314 at time 13.0 to PI RECEIVER
PI SENDER: Sending value pi = 43.982297150257104 at time 14.0 to PI RECEIVER
PI SENDER: Sending value pi = 47.12388980384689 at time 15.0 to PI RECEIVER
PI SENDER: Sending value pi = 50.26548245743669 at time 16.0 to PI RECEIVER
PI SENDER: Sending value pi = 53.40707511102649 at time 17.0 to PI RECEIVER
PI SENDER: Sending value pi = 56.548667764616276 at time 18.0 to PI RECEIVER
PI SENDER: Sending value pi = 59.690260418206066 at time 19.0 to PI RECEIVER
PI SENDER: Sending value pi = 62.83185307179586 at time 20.0 to PI RECEIVER
PI SENDER: Sending value pi = 65.97344572538566 at time 21.0 to PI RECEIVER
PI SENDER: Sending value pi = 69.11503837897544 at time 22.0 to PI RECEIVER
PI SENDER: Sending value pi = 72.25663103256524 at time 23.0 to PI RECEIVER
PI SENDER: Sending value pi = 75.39822368615503 at time 24.0 to PI RECEIVER
PI SENDER: Sending value pi = 78.53981633974483 at time 25.0 to PI RECEIVER
PI SENDER: Sending value pi = 81.68140899333463 at time 26.0 to PI RECEIVER
PI SENDER: Sending value pi = 84.82300164692441 at time 27.0 to PI RECEIVER
PI SENDER: Sending value pi = 87.96459430051421 at time 28.0 to PI RECEIVER
PI SENDER: Sending value pi = 91.106186954104 at time 29.0 to PI RECEIVER
PI SENDER: Sending value pi = 94.24777960769379 at time 30.0 to PI RECEIVER
PI SENDER: Sending value pi = 97.38937226128358 at time 31.0 to PI RECEIVER
PI SENDER: Sending value pi = 100.53096491487338 at time 32.0 to PI RECEIVER
PI SENDER: Sending value pi = 103.67255756846318 at time 33.0 to PI RECEIVER
PI SENDER: Sending value pi = 106.81415022205297 at time 34.0 to PI RECEIVER
PI SENDER: Sending value pi = 109.95574287564276 at time 35.0 to PI RECEIVER
PI SENDER: Sending value pi = 113.09733552923255 at time 36.0 to PI RECEIVER
PI SENDER: Sending value pi = 116.23892818282235 at time 37.0 to PI RECEIVER
PI SENDER: Sending value pi = 119.38052083641213 at time 38.0 to PI RECEIVER
PI SENDER: Sending value pi = 122.52211349000193 at time 39.0 to PI RECEIVER
PI SENDER: Sending value pi = 125.66370614359172 at time 40.0 to PI RECEIVER
PI SENDER: Sending value pi = 128.8052987971815 at time 41.0 to PI RECEIVER
PI SENDER: Sending value pi = 131.94689145077132 at time 42.0 to PI RECEIVER
PI SENDER: Sending value pi = 135.0884841043611 at time 43.0 to PI RECEIVER
PI SENDER: Sending value pi = 138.23007675795088 at time 44.0 to PI RECEIVER
PI SENDER: Sending value pi = 141.3716694115407 at time 45.0 to PI RECEIVER
PI SENDER: Sending value pi = 144.51326206513048 at time 46.0 to PI RECEIVER
PI SENDER: Sending value pi = 147.6548547187203 at time 47.0 to PI RECEIVER
PI SENDER: Sending value pi = 150.79644737231007 at time 48.0 to PI RECEIVER
PI SENDER: Sending value pi = 153.93804002589985 at time 49.0 to PI RECEIVER
PI SENDER: Federate finalized
